<?xml version="1.0" encoding="UTF-8"?>
<!-- Generated by org.testng.reporters.JUnitReportReporter -->
<testsuite hostname="Eliza" failures="0" tests="2" name="testscript.CategoryPageTest" time="19.455" errors="0" timestamp="2025-03-27T14:50:42 IST" skipped="0">
  <testcase classname="testscript.CategoryPageTest" name="verifyChangeStatusInCategoryPage" time="9.323"/>
  <testcase classname="testscript.CategoryPageTest" name="verifyChangeStatusInCategoryPage" time="10.132"/>
</testsuite> <!-- testscript.CategoryPageTest -->
