<?xml version="1.0" encoding="UTF-8"?>
<!-- Generated by org.testng.reporters.JUnitReportReporter -->
<testsuite hostname="Eliza" failures="0" tests="1" name="testscript.Base" time="7.358" errors="0" timestamp="2025-03-26T15:18:11 IST" skipped="0">
  <testcase classname="testscript.Base" name="beforeMethod" time="7.358"/>
</testsuite> <!-- testscript.Base -->
