<?xml version="1.0" encoding="UTF-8"?>
<!-- Generated by org.testng.reporters.JUnitReportReporter -->
<testsuite hostname="Eliza" failures="0" tests="1" name="testscript.SubCategoryTest" time="8.672" errors="0" timestamp="2025-03-24T15:39:10 IST" skipped="0">
  <testcase classname="testscript.SubCategoryTest" name="verifySubCategoryitemCanbeDeleted" time="8.672"/>
</testsuite> <!-- testscript.SubCategoryTest -->
