<?xml version="1.0" encoding="UTF-8"?>
<!-- Generated by org.testng.reporters.JUnitReportReporter -->
<testsuite hostname="Eliza" failures="0" tests="1" name="testscript.EditCategoryPageTest" time="12.101" errors="0" timestamp="2025-03-25T10:36:20 IST" skipped="0">
  <testcase classname="testscript.EditCategoryPageTest" name="verifyEditisWorkingInCategoryPage" time="12.101"/>
</testsuite> <!-- testscript.EditCategoryPageTest -->
