<?xml version="1.0" encoding="UTF-8"?>
<!-- Generated by org.testng.reporters.JUnitReportReporter -->
<testsuite hostname="Eliza" failures="0" tests="2" name="testscript.AddCategoryPageTest" time="46.013" errors="0" timestamp="2025-04-03T10:16:36 IST" skipped="0">
  <testcase classname="testscript.AddCategoryPageTest" name="verifyUserCanAddaNewCategory" time="32.860"/>
  <testcase classname="testscript.AddCategoryPageTest" name="verifyUserCanAddaNewCategory" time="13.153"/>
</testsuite> <!-- testscript.AddCategoryPageTest -->
