<?xml version="1.0" encoding="UTF-8"?>
<!-- Generated by org.testng.reporters.JUnitReportReporter -->
<testsuite hostname="Eliza" failures="0" tests="2" name="testscript.HomePageTest" time="14.350" errors="0" timestamp="2025-04-03T10:15:40 IST" skipped="0">
  <testcase classname="testscript.HomePageTest" name="verifyLogout" time="7.684"/>
  <testcase classname="testscript.HomePageTest" name="beforeMethod" time="6.666"/>
</testsuite> <!-- testscript.HomePageTest -->
