<?xml version="1.0" encoding="UTF-8"?>
<!-- Generated by org.testng.reporters.JUnitReportReporter -->
<testsuite hostname="Eliza" failures="0" tests="1" name="testscript.AdminUserPageTest" time="12.973" errors="0" timestamp="2025-03-24T14:42:20 IST" skipped="0">
  <testcase classname="testscript.AdminUserPageTest" name="verifyAdminUserResetButtonClick" time="12.973"/>
</testsuite> <!-- testscript.AdminUserPageTest -->
